ERROR - 2023-11-27 01:16:55 --> Error connecting to the database: mysqli_sql_exception: Access denied for user 'root'@'localhost' (using password: NO) in C:\xampp\htdocs\crudWebsite-Ci4-PHP-main\system\Database\MySQLi\Connection.php:170
Stack trace:
#0 C:\xampp\htdocs\crudWebsite-Ci4-PHP-main\system\Database\MySQLi\Connection.php(170): mysqli->real_connect('localhost', 'root', Object(SensitiveParameterValue), 'if_assets', 3306, '', 0)
#1 C:\xampp\htdocs\crudWebsite-Ci4-PHP-main\system\Database\BaseConnection.php(382): CodeIgniter\Database\MySQLi\Connection->connect(false)
#2 C:\xampp\htdocs\crudWebsite-Ci4-PHP-main\system\Database\BaseConnection.php(561): CodeIgniter\Database\BaseConnection->initialize()
#3 C:\xampp\htdocs\crudWebsite-Ci4-PHP-main\system\Database\BaseConnection.php(1360): CodeIgniter\Database\BaseConnection->query('SHOW TABLES FRO...')
#4 C:\xampp\htdocs\crudWebsite-Ci4-PHP-main\system\Database\BaseConnection.php(1394): CodeIgniter\Database\BaseConnection->listTables()
#5 C:\xampp\htdocs\crudWebsite-Ci4-PHP-main\system\Database\MigrationRunner.php(759): CodeIgniter\Database\BaseConnection->tableExists('migrations')
#6 C:\xampp\htdocs\crudWebsite-Ci4-PHP-main\system\Database\MigrationRunner.php(167): CodeIgniter\Database\MigrationRunner->ensureTable()
#7 C:\xampp\htdocs\crudWebsite-Ci4-PHP-main\system\Commands\Database\Migrate.php(84): CodeIgniter\Database\MigrationRunner->latest(NULL)
#8 C:\xampp\htdocs\crudWebsite-Ci4-PHP-main\system\CLI\Commands.php(63): CodeIgniter\Commands\Database\Migrate->run(Array)
#9 C:\xampp\htdocs\crudWebsite-Ci4-PHP-main\system\CLI\CommandRunner.php(65): CodeIgniter\CLI\Commands->run('migrate', Array)
#10 C:\xampp\htdocs\crudWebsite-Ci4-PHP-main\system\CLI\CommandRunner.php(51): CodeIgniter\CLI\CommandRunner->index(Array)
#11 C:\xampp\htdocs\crudWebsite-Ci4-PHP-main\system\CodeIgniter.php(920): CodeIgniter\CLI\CommandRunner->_remap('index', Array)
#12 C:\xampp\htdocs\crudWebsite-Ci4-PHP-main\system\CodeIgniter.php(482): CodeIgniter\CodeIgniter->runController(Object(CodeIgniter\CLI\CommandRunner))
#13 C:\xampp\htdocs\crudWebsite-Ci4-PHP-main\system\CodeIgniter.php(347): CodeIgniter\CodeIgniter->handleRequest(NULL, Object(Config\Cache), false)
#14 C:\xampp\htdocs\crudWebsite-Ci4-PHP-main\system\CLI\Console.php(48): CodeIgniter\CodeIgniter->run()
#15 C:\xampp\htdocs\crudWebsite-Ci4-PHP-main\spark(98): CodeIgniter\CLI\Console->run()
#16 {main}

Next CodeIgniter\Database\Exceptions\DatabaseException: Access denied for user '****'@'localhost' (using password: NO) in C:\xampp\htdocs\crudWebsite-Ci4-PHP-main\system\Database\MySQLi\Connection.php:215
Stack trace:
#0 C:\xampp\htdocs\crudWebsite-Ci4-PHP-main\system\Database\BaseConnection.php(382): CodeIgniter\Database\MySQLi\Connection->connect(false)
#1 C:\xampp\htdocs\crudWebsite-Ci4-PHP-main\system\Database\BaseConnection.php(561): CodeIgniter\Database\BaseConnection->initialize()
#2 C:\xampp\htdocs\crudWebsite-Ci4-PHP-main\system\Database\BaseConnection.php(1360): CodeIgniter\Database\BaseConnection->query('SHOW TABLES FRO...')
#3 C:\xampp\htdocs\crudWebsite-Ci4-PHP-main\system\Database\BaseConnection.php(1394): CodeIgniter\Database\BaseConnection->listTables()
#4 C:\xampp\htdocs\crudWebsite-Ci4-PHP-main\system\Database\MigrationRunner.php(759): CodeIgniter\Database\BaseConnection->tableExists('migrations')
#5 C:\xampp\htdocs\crudWebsite-Ci4-PHP-main\system\Database\MigrationRunner.php(167): CodeIgniter\Database\MigrationRunner->ensureTable()
#6 C:\xampp\htdocs\crudWebsite-Ci4-PHP-main\system\Commands\Database\Migrate.php(84): CodeIgniter\Database\MigrationRunner->latest(NULL)
#7 C:\xampp\htdocs\crudWebsite-Ci4-PHP-main\system\CLI\Commands.php(63): CodeIgniter\Commands\Database\Migrate->run(Array)
#8 C:\xampp\htdocs\crudWebsite-Ci4-PHP-main\system\CLI\CommandRunner.php(65): CodeIgniter\CLI\Commands->run('migrate', Array)
#9 C:\xampp\htdocs\crudWebsite-Ci4-PHP-main\system\CLI\CommandRunner.php(51): CodeIgniter\CLI\CommandRunner->index(Array)
#10 C:\xampp\htdocs\crudWebsite-Ci4-PHP-main\system\CodeIgniter.php(920): CodeIgniter\CLI\CommandRunner->_remap('index', Array)
#11 C:\xampp\htdocs\crudWebsite-Ci4-PHP-main\system\CodeIgniter.php(482): CodeIgniter\CodeIgniter->runController(Object(CodeIgniter\CLI\CommandRunner))
#12 C:\xampp\htdocs\crudWebsite-Ci4-PHP-main\system\CodeIgniter.php(347): CodeIgniter\CodeIgniter->handleRequest(NULL, Object(Config\Cache), false)
#13 C:\xampp\htdocs\crudWebsite-Ci4-PHP-main\system\CLI\Console.php(48): CodeIgniter\CodeIgniter->run()
#14 C:\xampp\htdocs\crudWebsite-Ci4-PHP-main\spark(98): CodeIgniter\CLI\Console->run()
#15 {main}
ERROR - 2023-11-27 01:18:02 --> Error connecting to the database: mysqli_sql_exception: Unknown database 'if_assets' in C:\xampp\htdocs\crudWebsite-Ci4-PHP-main\system\Database\MySQLi\Connection.php:170
Stack trace:
#0 C:\xampp\htdocs\crudWebsite-Ci4-PHP-main\system\Database\MySQLi\Connection.php(170): mysqli->real_connect('localhost', 'root', Object(SensitiveParameterValue), 'if_assets', 3306, '', 0)
#1 C:\xampp\htdocs\crudWebsite-Ci4-PHP-main\system\Database\BaseConnection.php(382): CodeIgniter\Database\MySQLi\Connection->connect(false)
#2 C:\xampp\htdocs\crudWebsite-Ci4-PHP-main\system\Database\BaseConnection.php(561): CodeIgniter\Database\BaseConnection->initialize()
#3 C:\xampp\htdocs\crudWebsite-Ci4-PHP-main\system\Database\BaseConnection.php(1360): CodeIgniter\Database\BaseConnection->query('SHOW TABLES FRO...')
#4 C:\xampp\htdocs\crudWebsite-Ci4-PHP-main\system\Database\BaseConnection.php(1394): CodeIgniter\Database\BaseConnection->listTables()
#5 C:\xampp\htdocs\crudWebsite-Ci4-PHP-main\system\Database\MigrationRunner.php(759): CodeIgniter\Database\BaseConnection->tableExists('migrations')
#6 C:\xampp\htdocs\crudWebsite-Ci4-PHP-main\system\Database\MigrationRunner.php(167): CodeIgniter\Database\MigrationRunner->ensureTable()
#7 C:\xampp\htdocs\crudWebsite-Ci4-PHP-main\system\Commands\Database\Migrate.php(84): CodeIgniter\Database\MigrationRunner->latest(NULL)
#8 C:\xampp\htdocs\crudWebsite-Ci4-PHP-main\system\CLI\Commands.php(63): CodeIgniter\Commands\Database\Migrate->run(Array)
#9 C:\xampp\htdocs\crudWebsite-Ci4-PHP-main\system\CLI\CommandRunner.php(65): CodeIgniter\CLI\Commands->run('migrate', Array)
#10 C:\xampp\htdocs\crudWebsite-Ci4-PHP-main\system\CLI\CommandRunner.php(51): CodeIgniter\CLI\CommandRunner->index(Array)
#11 C:\xampp\htdocs\crudWebsite-Ci4-PHP-main\system\CodeIgniter.php(920): CodeIgniter\CLI\CommandRunner->_remap('index', Array)
#12 C:\xampp\htdocs\crudWebsite-Ci4-PHP-main\system\CodeIgniter.php(482): CodeIgniter\CodeIgniter->runController(Object(CodeIgniter\CLI\CommandRunner))
#13 C:\xampp\htdocs\crudWebsite-Ci4-PHP-main\system\CodeIgniter.php(347): CodeIgniter\CodeIgniter->handleRequest(NULL, Object(Config\Cache), false)
#14 C:\xampp\htdocs\crudWebsite-Ci4-PHP-main\system\CLI\Console.php(48): CodeIgniter\CodeIgniter->run()
#15 C:\xampp\htdocs\crudWebsite-Ci4-PHP-main\spark(98): CodeIgniter\CLI\Console->run()
#16 {main}

Next CodeIgniter\Database\Exceptions\DatabaseException: Unknown database 'if_assets' in C:\xampp\htdocs\crudWebsite-Ci4-PHP-main\system\Database\MySQLi\Connection.php:215
Stack trace:
#0 C:\xampp\htdocs\crudWebsite-Ci4-PHP-main\system\Database\BaseConnection.php(382): CodeIgniter\Database\MySQLi\Connection->connect(false)
#1 C:\xampp\htdocs\crudWebsite-Ci4-PHP-main\system\Database\BaseConnection.php(561): CodeIgniter\Database\BaseConnection->initialize()
#2 C:\xampp\htdocs\crudWebsite-Ci4-PHP-main\system\Database\BaseConnection.php(1360): CodeIgniter\Database\BaseConnection->query('SHOW TABLES FRO...')
#3 C:\xampp\htdocs\crudWebsite-Ci4-PHP-main\system\Database\BaseConnection.php(1394): CodeIgniter\Database\BaseConnection->listTables()
#4 C:\xampp\htdocs\crudWebsite-Ci4-PHP-main\system\Database\MigrationRunner.php(759): CodeIgniter\Database\BaseConnection->tableExists('migrations')
#5 C:\xampp\htdocs\crudWebsite-Ci4-PHP-main\system\Database\MigrationRunner.php(167): CodeIgniter\Database\MigrationRunner->ensureTable()
#6 C:\xampp\htdocs\crudWebsite-Ci4-PHP-main\system\Commands\Database\Migrate.php(84): CodeIgniter\Database\MigrationRunner->latest(NULL)
#7 C:\xampp\htdocs\crudWebsite-Ci4-PHP-main\system\CLI\Commands.php(63): CodeIgniter\Commands\Database\Migrate->run(Array)
#8 C:\xampp\htdocs\crudWebsite-Ci4-PHP-main\system\CLI\CommandRunner.php(65): CodeIgniter\CLI\Commands->run('migrate', Array)
#9 C:\xampp\htdocs\crudWebsite-Ci4-PHP-main\system\CLI\CommandRunner.php(51): CodeIgniter\CLI\CommandRunner->index(Array)
#10 C:\xampp\htdocs\crudWebsite-Ci4-PHP-main\system\CodeIgniter.php(920): CodeIgniter\CLI\CommandRunner->_remap('index', Array)
#11 C:\xampp\htdocs\crudWebsite-Ci4-PHP-main\system\CodeIgniter.php(482): CodeIgniter\CodeIgniter->runController(Object(CodeIgniter\CLI\CommandRunner))
#12 C:\xampp\htdocs\crudWebsite-Ci4-PHP-main\system\CodeIgniter.php(347): CodeIgniter\CodeIgniter->handleRequest(NULL, Object(Config\Cache), false)
#13 C:\xampp\htdocs\crudWebsite-Ci4-PHP-main\system\CLI\Console.php(48): CodeIgniter\CodeIgniter->run()
#14 C:\xampp\htdocs\crudWebsite-Ci4-PHP-main\spark(98): CodeIgniter\CLI\Console->run()
#15 {main}
ERROR - 2023-11-27 01:18:08 --> Error connecting to the database: mysqli_sql_exception: Unknown database 'if_assets' in C:\xampp\htdocs\crudWebsite-Ci4-PHP-main\system\Database\MySQLi\Connection.php:170
Stack trace:
#0 C:\xampp\htdocs\crudWebsite-Ci4-PHP-main\system\Database\MySQLi\Connection.php(170): mysqli->real_connect('localhost', 'root', Object(SensitiveParameterValue), 'if_assets', 3306, '', 0)
#1 C:\xampp\htdocs\crudWebsite-Ci4-PHP-main\system\Database\BaseConnection.php(382): CodeIgniter\Database\MySQLi\Connection->connect(false)
#2 C:\xampp\htdocs\crudWebsite-Ci4-PHP-main\system\Database\BaseConnection.php(561): CodeIgniter\Database\BaseConnection->initialize()
#3 C:\xampp\htdocs\crudWebsite-Ci4-PHP-main\system\Database\BaseConnection.php(1360): CodeIgniter\Database\BaseConnection->query('SHOW TABLES FRO...')
#4 C:\xampp\htdocs\crudWebsite-Ci4-PHP-main\system\Database\BaseConnection.php(1394): CodeIgniter\Database\BaseConnection->listTables()
#5 C:\xampp\htdocs\crudWebsite-Ci4-PHP-main\system\Database\MigrationRunner.php(759): CodeIgniter\Database\BaseConnection->tableExists('migrations')
#6 C:\xampp\htdocs\crudWebsite-Ci4-PHP-main\system\Database\MigrationRunner.php(167): CodeIgniter\Database\MigrationRunner->ensureTable()
#7 C:\xampp\htdocs\crudWebsite-Ci4-PHP-main\system\Commands\Database\Migrate.php(84): CodeIgniter\Database\MigrationRunner->latest(NULL)
#8 C:\xampp\htdocs\crudWebsite-Ci4-PHP-main\system\CLI\Commands.php(63): CodeIgniter\Commands\Database\Migrate->run(Array)
#9 C:\xampp\htdocs\crudWebsite-Ci4-PHP-main\system\CLI\CommandRunner.php(65): CodeIgniter\CLI\Commands->run('migrate', Array)
#10 C:\xampp\htdocs\crudWebsite-Ci4-PHP-main\system\CLI\CommandRunner.php(51): CodeIgniter\CLI\CommandRunner->index(Array)
#11 C:\xampp\htdocs\crudWebsite-Ci4-PHP-main\system\CodeIgniter.php(920): CodeIgniter\CLI\CommandRunner->_remap('index', Array)
#12 C:\xampp\htdocs\crudWebsite-Ci4-PHP-main\system\CodeIgniter.php(482): CodeIgniter\CodeIgniter->runController(Object(CodeIgniter\CLI\CommandRunner))
#13 C:\xampp\htdocs\crudWebsite-Ci4-PHP-main\system\CodeIgniter.php(347): CodeIgniter\CodeIgniter->handleRequest(NULL, Object(Config\Cache), false)
#14 C:\xampp\htdocs\crudWebsite-Ci4-PHP-main\system\CLI\Console.php(48): CodeIgniter\CodeIgniter->run()
#15 C:\xampp\htdocs\crudWebsite-Ci4-PHP-main\spark(98): CodeIgniter\CLI\Console->run()
#16 {main}

Next CodeIgniter\Database\Exceptions\DatabaseException: Unknown database 'if_assets' in C:\xampp\htdocs\crudWebsite-Ci4-PHP-main\system\Database\MySQLi\Connection.php:215
Stack trace:
#0 C:\xampp\htdocs\crudWebsite-Ci4-PHP-main\system\Database\BaseConnection.php(382): CodeIgniter\Database\MySQLi\Connection->connect(false)
#1 C:\xampp\htdocs\crudWebsite-Ci4-PHP-main\system\Database\BaseConnection.php(561): CodeIgniter\Database\BaseConnection->initialize()
#2 C:\xampp\htdocs\crudWebsite-Ci4-PHP-main\system\Database\BaseConnection.php(1360): CodeIgniter\Database\BaseConnection->query('SHOW TABLES FRO...')
#3 C:\xampp\htdocs\crudWebsite-Ci4-PHP-main\system\Database\BaseConnection.php(1394): CodeIgniter\Database\BaseConnection->listTables()
#4 C:\xampp\htdocs\crudWebsite-Ci4-PHP-main\system\Database\MigrationRunner.php(759): CodeIgniter\Database\BaseConnection->tableExists('migrations')
#5 C:\xampp\htdocs\crudWebsite-Ci4-PHP-main\system\Database\MigrationRunner.php(167): CodeIgniter\Database\MigrationRunner->ensureTable()
#6 C:\xampp\htdocs\crudWebsite-Ci4-PHP-main\system\Commands\Database\Migrate.php(84): CodeIgniter\Database\MigrationRunner->latest(NULL)
#7 C:\xampp\htdocs\crudWebsite-Ci4-PHP-main\system\CLI\Commands.php(63): CodeIgniter\Commands\Database\Migrate->run(Array)
#8 C:\xampp\htdocs\crudWebsite-Ci4-PHP-main\system\CLI\CommandRunner.php(65): CodeIgniter\CLI\Commands->run('migrate', Array)
#9 C:\xampp\htdocs\crudWebsite-Ci4-PHP-main\system\CLI\CommandRunner.php(51): CodeIgniter\CLI\CommandRunner->index(Array)
#10 C:\xampp\htdocs\crudWebsite-Ci4-PHP-main\system\CodeIgniter.php(920): CodeIgniter\CLI\CommandRunner->_remap('index', Array)
#11 C:\xampp\htdocs\crudWebsite-Ci4-PHP-main\system\CodeIgniter.php(482): CodeIgniter\CodeIgniter->runController(Object(CodeIgniter\CLI\CommandRunner))
#12 C:\xampp\htdocs\crudWebsite-Ci4-PHP-main\system\CodeIgniter.php(347): CodeIgniter\CodeIgniter->handleRequest(NULL, Object(Config\Cache), false)
#13 C:\xampp\htdocs\crudWebsite-Ci4-PHP-main\system\CLI\Console.php(48): CodeIgniter\CodeIgniter->run()
#14 C:\xampp\htdocs\crudWebsite-Ci4-PHP-main\spark(98): CodeIgniter\CLI\Console->run()
#15 {main}
ERROR - 2023-11-27 01:18:18 --> Error connecting to the database: mysqli_sql_exception: Unknown database 'if_assets' in C:\xampp\htdocs\crudWebsite-Ci4-PHP-main\system\Database\MySQLi\Connection.php:170
Stack trace:
#0 C:\xampp\htdocs\crudWebsite-Ci4-PHP-main\system\Database\MySQLi\Connection.php(170): mysqli->real_connect('localhost', 'root', Object(SensitiveParameterValue), 'if_assets', 3306, '', 0)
#1 C:\xampp\htdocs\crudWebsite-Ci4-PHP-main\system\Database\BaseConnection.php(382): CodeIgniter\Database\MySQLi\Connection->connect(false)
#2 C:\xampp\htdocs\crudWebsite-Ci4-PHP-main\system\Database\BaseConnection.php(561): CodeIgniter\Database\BaseConnection->initialize()
#3 C:\xampp\htdocs\crudWebsite-Ci4-PHP-main\system\Database\BaseConnection.php(1360): CodeIgniter\Database\BaseConnection->query('SHOW TABLES FRO...')
#4 C:\xampp\htdocs\crudWebsite-Ci4-PHP-main\system\Database\BaseConnection.php(1394): CodeIgniter\Database\BaseConnection->listTables()
#5 C:\xampp\htdocs\crudWebsite-Ci4-PHP-main\system\Database\MigrationRunner.php(759): CodeIgniter\Database\BaseConnection->tableExists('migrations')
#6 C:\xampp\htdocs\crudWebsite-Ci4-PHP-main\system\Database\MigrationRunner.php(240): CodeIgniter\Database\MigrationRunner->ensureTable()
#7 C:\xampp\htdocs\crudWebsite-Ci4-PHP-main\system\Commands\Database\MigrateRollback.php(92): CodeIgniter\Database\MigrationRunner->regress(0)
#8 C:\xampp\htdocs\crudWebsite-Ci4-PHP-main\system\CLI\Commands.php(63): CodeIgniter\Commands\Database\MigrateRollback->run(Array)
#9 C:\xampp\htdocs\crudWebsite-Ci4-PHP-main\system\CLI\BaseCommand.php(112): CodeIgniter\CLI\Commands->run('migrate:rollbac...', Array)
#10 C:\xampp\htdocs\crudWebsite-Ci4-PHP-main\system\Commands\Database\MigrateRefresh.php(84): CodeIgniter\CLI\BaseCommand->call('migrate:rollbac...', Array)
#11 C:\xampp\htdocs\crudWebsite-Ci4-PHP-main\system\CLI\Commands.php(63): CodeIgniter\Commands\Database\MigrateRefresh->run(Array)
#12 C:\xampp\htdocs\crudWebsite-Ci4-PHP-main\system\CLI\CommandRunner.php(65): CodeIgniter\CLI\Commands->run('migrate:refresh', Array)
#13 C:\xampp\htdocs\crudWebsite-Ci4-PHP-main\system\CLI\CommandRunner.php(51): CodeIgniter\CLI\CommandRunner->index(Array)
#14 C:\xampp\htdocs\crudWebsite-Ci4-PHP-main\system\CodeIgniter.php(920): CodeIgniter\CLI\CommandRunner->_remap('index', Array)
#15 C:\xampp\htdocs\crudWebsite-Ci4-PHP-main\system\CodeIgniter.php(482): CodeIgniter\CodeIgniter->runController(Object(CodeIgniter\CLI\CommandRunner))
#16 C:\xampp\htdocs\crudWebsite-Ci4-PHP-main\system\CodeIgniter.php(347): CodeIgniter\CodeIgniter->handleRequest(NULL, Object(Config\Cache), false)
#17 C:\xampp\htdocs\crudWebsite-Ci4-PHP-main\system\CLI\Console.php(48): CodeIgniter\CodeIgniter->run()
#18 C:\xampp\htdocs\crudWebsite-Ci4-PHP-main\spark(98): CodeIgniter\CLI\Console->run()
#19 {main}

Next CodeIgniter\Database\Exceptions\DatabaseException: Unknown database 'if_assets' in C:\xampp\htdocs\crudWebsite-Ci4-PHP-main\system\Database\MySQLi\Connection.php:215
Stack trace:
#0 C:\xampp\htdocs\crudWebsite-Ci4-PHP-main\system\Database\BaseConnection.php(382): CodeIgniter\Database\MySQLi\Connection->connect(false)
#1 C:\xampp\htdocs\crudWebsite-Ci4-PHP-main\system\Database\BaseConnection.php(561): CodeIgniter\Database\BaseConnection->initialize()
#2 C:\xampp\htdocs\crudWebsite-Ci4-PHP-main\system\Database\BaseConnection.php(1360): CodeIgniter\Database\BaseConnection->query('SHOW TABLES FRO...')
#3 C:\xampp\htdocs\crudWebsite-Ci4-PHP-main\system\Database\BaseConnection.php(1394): CodeIgniter\Database\BaseConnection->listTables()
#4 C:\xampp\htdocs\crudWebsite-Ci4-PHP-main\system\Database\MigrationRunner.php(759): CodeIgniter\Database\BaseConnection->tableExists('migrations')
#5 C:\xampp\htdocs\crudWebsite-Ci4-PHP-main\system\Database\MigrationRunner.php(240): CodeIgniter\Database\MigrationRunner->ensureTable()
#6 C:\xampp\htdocs\crudWebsite-Ci4-PHP-main\system\Commands\Database\MigrateRollback.php(92): CodeIgniter\Database\MigrationRunner->regress(0)
#7 C:\xampp\htdocs\crudWebsite-Ci4-PHP-main\system\CLI\Commands.php(63): CodeIgniter\Commands\Database\MigrateRollback->run(Array)
#8 C:\xampp\htdocs\crudWebsite-Ci4-PHP-main\system\CLI\BaseCommand.php(112): CodeIgniter\CLI\Commands->run('migrate:rollbac...', Array)
#9 C:\xampp\htdocs\crudWebsite-Ci4-PHP-main\system\Commands\Database\MigrateRefresh.php(84): CodeIgniter\CLI\BaseCommand->call('migrate:rollbac...', Array)
#10 C:\xampp\htdocs\crudWebsite-Ci4-PHP-main\system\CLI\Commands.php(63): CodeIgniter\Commands\Database\MigrateRefresh->run(Array)
#11 C:\xampp\htdocs\crudWebsite-Ci4-PHP-main\system\CLI\CommandRunner.php(65): CodeIgniter\CLI\Commands->run('migrate:refresh', Array)
#12 C:\xampp\htdocs\crudWebsite-Ci4-PHP-main\system\CLI\CommandRunner.php(51): CodeIgniter\CLI\CommandRunner->index(Array)
#13 C:\xampp\htdocs\crudWebsite-Ci4-PHP-main\system\CodeIgniter.php(920): CodeIgniter\CLI\CommandRunner->_remap('index', Array)
#14 C:\xampp\htdocs\crudWebsite-Ci4-PHP-main\system\CodeIgniter.php(482): CodeIgniter\CodeIgniter->runController(Object(CodeIgniter\CLI\CommandRunner))
#15 C:\xampp\htdocs\crudWebsite-Ci4-PHP-main\system\CodeIgniter.php(347): CodeIgniter\CodeIgniter->handleRequest(NULL, Object(Config\Cache), false)
#16 C:\xampp\htdocs\crudWebsite-Ci4-PHP-main\system\CLI\Console.php(48): CodeIgniter\CodeIgniter->run()
#17 C:\xampp\htdocs\crudWebsite-Ci4-PHP-main\spark(98): CodeIgniter\CLI\Console->run()
#18 {main}
ERROR - 2023-11-27 01:18:18 --> Error connecting to the database: mysqli_sql_exception: Unknown database 'if_assets' in C:\xampp\htdocs\crudWebsite-Ci4-PHP-main\system\Database\MySQLi\Connection.php:170
Stack trace:
#0 C:\xampp\htdocs\crudWebsite-Ci4-PHP-main\system\Database\MySQLi\Connection.php(170): mysqli->real_connect('localhost', 'root', Object(SensitiveParameterValue), 'if_assets', 3306, '', 0)
#1 C:\xampp\htdocs\crudWebsite-Ci4-PHP-main\system\Database\BaseConnection.php(382): CodeIgniter\Database\MySQLi\Connection->connect(false)
#2 C:\xampp\htdocs\crudWebsite-Ci4-PHP-main\system\Database\BaseConnection.php(561): CodeIgniter\Database\BaseConnection->initialize()
#3 C:\xampp\htdocs\crudWebsite-Ci4-PHP-main\system\Database\BaseConnection.php(1360): CodeIgniter\Database\BaseConnection->query('SHOW TABLES FRO...')
#4 C:\xampp\htdocs\crudWebsite-Ci4-PHP-main\system\Database\BaseConnection.php(1394): CodeIgniter\Database\BaseConnection->listTables()
#5 C:\xampp\htdocs\crudWebsite-Ci4-PHP-main\system\Database\MigrationRunner.php(759): CodeIgniter\Database\BaseConnection->tableExists('migrations')
#6 C:\xampp\htdocs\crudWebsite-Ci4-PHP-main\system\Database\MigrationRunner.php(167): CodeIgniter\Database\MigrationRunner->ensureTable()
#7 C:\xampp\htdocs\crudWebsite-Ci4-PHP-main\system\Commands\Database\Migrate.php(84): CodeIgniter\Database\MigrationRunner->latest(NULL)
#8 C:\xampp\htdocs\crudWebsite-Ci4-PHP-main\system\CLI\Commands.php(63): CodeIgniter\Commands\Database\Migrate->run(Array)
#9 C:\xampp\htdocs\crudWebsite-Ci4-PHP-main\system\CLI\BaseCommand.php(112): CodeIgniter\CLI\Commands->run('migrate', Array)
#10 C:\xampp\htdocs\crudWebsite-Ci4-PHP-main\system\Commands\Database\MigrateRefresh.php(85): CodeIgniter\CLI\BaseCommand->call('migrate', Array)
#11 C:\xampp\htdocs\crudWebsite-Ci4-PHP-main\system\CLI\Commands.php(63): CodeIgniter\Commands\Database\MigrateRefresh->run(Array)
#12 C:\xampp\htdocs\crudWebsite-Ci4-PHP-main\system\CLI\CommandRunner.php(65): CodeIgniter\CLI\Commands->run('migrate:refresh', Array)
#13 C:\xampp\htdocs\crudWebsite-Ci4-PHP-main\system\CLI\CommandRunner.php(51): CodeIgniter\CLI\CommandRunner->index(Array)
#14 C:\xampp\htdocs\crudWebsite-Ci4-PHP-main\system\CodeIgniter.php(920): CodeIgniter\CLI\CommandRunner->_remap('index', Array)
#15 C:\xampp\htdocs\crudWebsite-Ci4-PHP-main\system\CodeIgniter.php(482): CodeIgniter\CodeIgniter->runController(Object(CodeIgniter\CLI\CommandRunner))
#16 C:\xampp\htdocs\crudWebsite-Ci4-PHP-main\system\CodeIgniter.php(347): CodeIgniter\CodeIgniter->handleRequest(NULL, Object(Config\Cache), false)
#17 C:\xampp\htdocs\crudWebsite-Ci4-PHP-main\system\CLI\Console.php(48): CodeIgniter\CodeIgniter->run()
#18 C:\xampp\htdocs\crudWebsite-Ci4-PHP-main\spark(98): CodeIgniter\CLI\Console->run()
#19 {main}

Next CodeIgniter\Database\Exceptions\DatabaseException: Unknown database 'if_assets' in C:\xampp\htdocs\crudWebsite-Ci4-PHP-main\system\Database\MySQLi\Connection.php:215
Stack trace:
#0 C:\xampp\htdocs\crudWebsite-Ci4-PHP-main\system\Database\BaseConnection.php(382): CodeIgniter\Database\MySQLi\Connection->connect(false)
#1 C:\xampp\htdocs\crudWebsite-Ci4-PHP-main\system\Database\BaseConnection.php(561): CodeIgniter\Database\BaseConnection->initialize()
#2 C:\xampp\htdocs\crudWebsite-Ci4-PHP-main\system\Database\BaseConnection.php(1360): CodeIgniter\Database\BaseConnection->query('SHOW TABLES FRO...')
#3 C:\xampp\htdocs\crudWebsite-Ci4-PHP-main\system\Database\BaseConnection.php(1394): CodeIgniter\Database\BaseConnection->listTables()
#4 C:\xampp\htdocs\crudWebsite-Ci4-PHP-main\system\Database\MigrationRunner.php(759): CodeIgniter\Database\BaseConnection->tableExists('migrations')
#5 C:\xampp\htdocs\crudWebsite-Ci4-PHP-main\system\Database\MigrationRunner.php(167): CodeIgniter\Database\MigrationRunner->ensureTable()
#6 C:\xampp\htdocs\crudWebsite-Ci4-PHP-main\system\Commands\Database\Migrate.php(84): CodeIgniter\Database\MigrationRunner->latest(NULL)
#7 C:\xampp\htdocs\crudWebsite-Ci4-PHP-main\system\CLI\Commands.php(63): CodeIgniter\Commands\Database\Migrate->run(Array)
#8 C:\xampp\htdocs\crudWebsite-Ci4-PHP-main\system\CLI\BaseCommand.php(112): CodeIgniter\CLI\Commands->run('migrate', Array)
#9 C:\xampp\htdocs\crudWebsite-Ci4-PHP-main\system\Commands\Database\MigrateRefresh.php(85): CodeIgniter\CLI\BaseCommand->call('migrate', Array)
#10 C:\xampp\htdocs\crudWebsite-Ci4-PHP-main\system\CLI\Commands.php(63): CodeIgniter\Commands\Database\MigrateRefresh->run(Array)
#11 C:\xampp\htdocs\crudWebsite-Ci4-PHP-main\system\CLI\CommandRunner.php(65): CodeIgniter\CLI\Commands->run('migrate:refresh', Array)
#12 C:\xampp\htdocs\crudWebsite-Ci4-PHP-main\system\CLI\CommandRunner.php(51): CodeIgniter\CLI\CommandRunner->index(Array)
#13 C:\xampp\htdocs\crudWebsite-Ci4-PHP-main\system\CodeIgniter.php(920): CodeIgniter\CLI\CommandRunner->_remap('index', Array)
#14 C:\xampp\htdocs\crudWebsite-Ci4-PHP-main\system\CodeIgniter.php(482): CodeIgniter\CodeIgniter->runController(Object(CodeIgniter\CLI\CommandRunner))
#15 C:\xampp\htdocs\crudWebsite-Ci4-PHP-main\system\CodeIgniter.php(347): CodeIgniter\CodeIgniter->handleRequest(NULL, Object(Config\Cache), false)
#16 C:\xampp\htdocs\crudWebsite-Ci4-PHP-main\system\CLI\Console.php(48): CodeIgniter\CodeIgniter->run()
#17 C:\xampp\htdocs\crudWebsite-Ci4-PHP-main\spark(98): CodeIgniter\CLI\Console->run()
#18 {main}
ERROR - 2023-11-27 01:19:57 --> Error connecting to the database: mysqli_sql_exception: Unknown database 'if_assets' in C:\xampp\htdocs\crudWebsite-Ci4-PHP-main\system\Database\MySQLi\Connection.php:170
Stack trace:
#0 C:\xampp\htdocs\crudWebsite-Ci4-PHP-main\system\Database\MySQLi\Connection.php(170): mysqli->real_connect('localhost', 'root', Object(SensitiveParameterValue), 'if_assets', 3306, '', 0)
#1 C:\xampp\htdocs\crudWebsite-Ci4-PHP-main\system\Database\BaseConnection.php(382): CodeIgniter\Database\MySQLi\Connection->connect(false)
#2 C:\xampp\htdocs\crudWebsite-Ci4-PHP-main\system\Database\BaseConnection.php(561): CodeIgniter\Database\BaseConnection->initialize()
#3 C:\xampp\htdocs\crudWebsite-Ci4-PHP-main\system\Database\BaseConnection.php(1360): CodeIgniter\Database\BaseConnection->query('SHOW TABLES FRO...')
#4 C:\xampp\htdocs\crudWebsite-Ci4-PHP-main\system\Database\BaseConnection.php(1394): CodeIgniter\Database\BaseConnection->listTables()
#5 C:\xampp\htdocs\crudWebsite-Ci4-PHP-main\system\Database\MigrationRunner.php(759): CodeIgniter\Database\BaseConnection->tableExists('migrations')
#6 C:\xampp\htdocs\crudWebsite-Ci4-PHP-main\system\Database\MigrationRunner.php(167): CodeIgniter\Database\MigrationRunner->ensureTable()
#7 C:\xampp\htdocs\crudWebsite-Ci4-PHP-main\system\Commands\Database\Migrate.php(84): CodeIgniter\Database\MigrationRunner->latest(NULL)
#8 C:\xampp\htdocs\crudWebsite-Ci4-PHP-main\system\CLI\Commands.php(63): CodeIgniter\Commands\Database\Migrate->run(Array)
#9 C:\xampp\htdocs\crudWebsite-Ci4-PHP-main\system\CLI\CommandRunner.php(65): CodeIgniter\CLI\Commands->run('migrate', Array)
#10 C:\xampp\htdocs\crudWebsite-Ci4-PHP-main\system\CLI\CommandRunner.php(51): CodeIgniter\CLI\CommandRunner->index(Array)
#11 C:\xampp\htdocs\crudWebsite-Ci4-PHP-main\system\CodeIgniter.php(920): CodeIgniter\CLI\CommandRunner->_remap('index', Array)
#12 C:\xampp\htdocs\crudWebsite-Ci4-PHP-main\system\CodeIgniter.php(482): CodeIgniter\CodeIgniter->runController(Object(CodeIgniter\CLI\CommandRunner))
#13 C:\xampp\htdocs\crudWebsite-Ci4-PHP-main\system\CodeIgniter.php(347): CodeIgniter\CodeIgniter->handleRequest(NULL, Object(Config\Cache), false)
#14 C:\xampp\htdocs\crudWebsite-Ci4-PHP-main\system\CLI\Console.php(48): CodeIgniter\CodeIgniter->run()
#15 C:\xampp\htdocs\crudWebsite-Ci4-PHP-main\spark(98): CodeIgniter\CLI\Console->run()
#16 {main}

Next CodeIgniter\Database\Exceptions\DatabaseException: Unknown database 'if_assets' in C:\xampp\htdocs\crudWebsite-Ci4-PHP-main\system\Database\MySQLi\Connection.php:215
Stack trace:
#0 C:\xampp\htdocs\crudWebsite-Ci4-PHP-main\system\Database\BaseConnection.php(382): CodeIgniter\Database\MySQLi\Connection->connect(false)
#1 C:\xampp\htdocs\crudWebsite-Ci4-PHP-main\system\Database\BaseConnection.php(561): CodeIgniter\Database\BaseConnection->initialize()
#2 C:\xampp\htdocs\crudWebsite-Ci4-PHP-main\system\Database\BaseConnection.php(1360): CodeIgniter\Database\BaseConnection->query('SHOW TABLES FRO...')
#3 C:\xampp\htdocs\crudWebsite-Ci4-PHP-main\system\Database\BaseConnection.php(1394): CodeIgniter\Database\BaseConnection->listTables()
#4 C:\xampp\htdocs\crudWebsite-Ci4-PHP-main\system\Database\MigrationRunner.php(759): CodeIgniter\Database\BaseConnection->tableExists('migrations')
#5 C:\xampp\htdocs\crudWebsite-Ci4-PHP-main\system\Database\MigrationRunner.php(167): CodeIgniter\Database\MigrationRunner->ensureTable()
#6 C:\xampp\htdocs\crudWebsite-Ci4-PHP-main\system\Commands\Database\Migrate.php(84): CodeIgniter\Database\MigrationRunner->latest(NULL)
#7 C:\xampp\htdocs\crudWebsite-Ci4-PHP-main\system\CLI\Commands.php(63): CodeIgniter\Commands\Database\Migrate->run(Array)
#8 C:\xampp\htdocs\crudWebsite-Ci4-PHP-main\system\CLI\CommandRunner.php(65): CodeIgniter\CLI\Commands->run('migrate', Array)
#9 C:\xampp\htdocs\crudWebsite-Ci4-PHP-main\system\CLI\CommandRunner.php(51): CodeIgniter\CLI\CommandRunner->index(Array)
#10 C:\xampp\htdocs\crudWebsite-Ci4-PHP-main\system\CodeIgniter.php(920): CodeIgniter\CLI\CommandRunner->_remap('index', Array)
#11 C:\xampp\htdocs\crudWebsite-Ci4-PHP-main\system\CodeIgniter.php(482): CodeIgniter\CodeIgniter->runController(Object(CodeIgniter\CLI\CommandRunner))
#12 C:\xampp\htdocs\crudWebsite-Ci4-PHP-main\system\CodeIgniter.php(347): CodeIgniter\CodeIgniter->handleRequest(NULL, Object(Config\Cache), false)
#13 C:\xampp\htdocs\crudWebsite-Ci4-PHP-main\system\CLI\Console.php(48): CodeIgniter\CodeIgniter->run()
#14 C:\xampp\htdocs\crudWebsite-Ci4-PHP-main\spark(98): CodeIgniter\CLI\Console->run()
#15 {main}
